JvmtiExport can_access_local_variables 1
JvmtiExport can_hotswap_or_post_breakpoint 1
JvmtiExport can_post_on_exceptions 1
# 242 ciObject found
ciMethod java/lang/Object <init> ()V 4097 1 497693 0 96
ciMethod java/lang/Object getClass ()Ljava/lang/Class; 3073 1 384 0 -1
ciMethod java/lang/Object equals (Ljava/lang/Object;)Z 233 1 5511 0 -1
ciMethod java/lang/String <init> ([CII)V 4097 1 5885 0 544
ciMethod java/lang/String <init> ([CZ)V 3025 1 9948 0 0
ciMethod java/lang/String length ()I 4097 1 353463 0 96
ciMethod java/lang/String getChars (II[CI)V 4097 1 5790 0 512
ciMethod java/lang/String equals (Ljava/lang/Object;)Z 4097 11337 6164 0 -1
ciMethod java/lang/String valueOf (I)Ljava/lang/String; 25 1 65187 0 1760
ciMethod java/lang/System arraycopy (Ljava/lang/Object;ILjava/lang/Object;II)V 4097 1 6552 0 -1
ciMethod java/lang/AbstractStringBuilder <init> (I)V 4097 1 5641 0 224
ciMethod java/lang/AbstractStringBuilder ensureCapacityInternal (I)V 4097 1 28903 0 288
ciMethod java/lang/AbstractStringBuilder expandCapacity (I)V 4057 1 3484 0 0
ciMethod java/lang/AbstractStringBuilder append (Ljava/lang/String;)Ljava/lang/AbstractStringBuilder; 4097 1 6265 0 1216
ciMethod java/lang/AbstractStringBuilder appendNull ()Ljava/lang/AbstractStringBuilder; 0 0 1 0 -1
ciMethod java/lang/AbstractStringBuilder append (I)Ljava/lang/AbstractStringBuilder; 817 1 6260 0 -1
ciMethod java/lang/StringBuilder <init> (Ljava/lang/String;)V 2137 1 139711 0 1312
ciMethod java/lang/StringBuilder append (Ljava/lang/String;)Ljava/lang/StringBuilder; 4097 1 218909 0 1280
ciMethod java/lang/StringBuilder append (I)Ljava/lang/StringBuilder; 817 1 81314 0 2592
ciMethod java/lang/StringBuilder toString ()Ljava/lang/String; 4097 1 5712 0 704
ciMethod sun/misc/Unsafe compareAndSwapLong (Ljava/lang/Object;JJJ)Z 2049 1 256 0 -1
ciMethod java/lang/Integer toString (I)Ljava/lang/String; 489 1 7610 0 1664
ciMethod java/lang/Integer getChars (II[C)V 2297 977 7046 0 1312
ciMethod java/lang/Integer stringSize (I)I 2121 801 13873 0 0
ciMethod com/yourkit/runtime/Callback yjpInit (Ljava/lang/Object;IIS)I 4097 1 723307 0 32
ciMethod com/yourkit/runtime/Callback yjpMethodEntry (I)V 4097 1 9727404 0 32
ciMethod com/yourkit/runtime/Callback yjpMethodExit (I)V 4097 1 9726875 0 32
ciMethod java/util/AbstractList <init> ()V 3081 1 10923 0 0
ciMethod java/util/AbstractCollection <init> ()V 3121 1 12451 0 0
ciMethod java/lang/Math sin (D)D 0 0 1 0 -1
ciMethod java/lang/Math cos (D)D 0 0 1 0 -1
ciMethod java/lang/Math sqrt (D)D 0 0 1 0 -1
ciMethod java/lang/Math random ()D 4097 1 123933 0 416
ciMethod java/lang/Math abs (F)F 2113 1 139450 0 32
ciMethod java/lang/Math max (II)I 2241 1 26956 0 -1
ciMethod java/lang/Math min (II)I 4097 1 51141 0 -1
ciMethodData com/yourkit/runtime/Callback yjpMethodEntry (I)V 2 9727948 orig 144 152 11 214 81 0 0 0 0 168 130 217 23 0 0 0 0 168 0 0 0 0 0 0 0 0 0 0 0 0 0 0 0 0 0 0 0 0 0 0 0 0 0 0 0 0 0 0 0 0 0 0 0 0 0 0 0 0 0 0 0 0 0 0 0 0 0 0 0 0 0 0 0 0 0 0 0 0 0 0 0 0 0 0 0 0 0 0 0 0 0 0 0 0 0 0 0 0 2 0 0 97 110 163 4 1 0 0 0 0 0 0 0 0 0 0 0 0 0 0 0 4 0 1 0 0 0 0 0 255 255 255 255 0 0 0 0 0 0 0 0 0 0 0 0 data 0 oops 0
ciMethodData com/yourkit/runtime/Callback yjpMethodExit (I)V 2 9726876 orig 144 152 11 214 81 0 0 0 0 72 131 217 23 0 0 0 0 168 0 0 0 0 0 0 0 0 0 0 0 0 0 0 0 0 0 0 0 0 0 0 0 0 0 0 0 0 0 0 0 0 0 0 0 0 0 0 0 0 0 0 0 0 0 0 0 0 0 0 0 0 0 0 0 0 0 0 0 0 0 0 0 0 0 0 0 0 0 0 0 0 0 0 0 0 0 0 0 0 2 0 0 225 76 163 4 1 0 0 0 0 0 0 0 0 0 0 0 0 0 0 0 4 0 1 0 0 0 0 0 255 255 255 255 0 0 0 0 0 0 0 0 0 0 0 0 data 0 oops 0
ciMethod java/util/ArrayList <init> ()V 1585 1 10403 0 64
ciMethod java/util/ArrayList ensureCapacityInternal (I)V 4097 1 11499 0 0
ciMethod java/util/ArrayList ensureExplicitCapacity (I)V 4097 1 6390 0 640
ciMethod java/util/ArrayList grow (I)V 921 1 966 0 0
ciMethod java/util/ArrayList hugeCapacity (I)I 0 0 1 0 0
ciMethod java/util/ArrayList contains (Ljava/lang/Object;)Z 2641 1 31794 0 0
ciMethod java/util/ArrayList indexOf (Ljava/lang/Object;)I 953 17217 1202 0 1312
ciMethod java/util/ArrayList add (Ljava/lang/Object;)Z 4097 1